 !!!! -------- Info tris  -------- !!!!

 Il y a           66  triangles pour le proc            1

 Triangle 'numero' :            1  | triVertices :           42           5           6
 Triangle 'numero' :            2  | triVertices :           43          13          14
 Triangle 'numero' :            3  | triVertices :           63          42          57
 Triangle 'numero' :            4  | triVertices :           12          60          11
 Triangle 'numero' :            5  | triVertices :           36          61          35
 Triangle 'numero' :            6  | triVertices :           49           7           8
 Triangle 'numero' :            7  | triVertices :           63          61          42
 Triangle 'numero' :            8  | triVertices :           57           7          49
 Triangle 'numero' :            9  | triVertices :           39          60          43
 Triangle 'numero' :           10  | triVertices :           60          39          53
 Triangle 'numero' :           11  | triVertices :           57           6           7
 Triangle 'numero' :           12  | triVertices :           42           6          57
 Triangle 'numero' :           13  | triVertices :           11          53          10
 Triangle 'numero' :           14  | triVertices :           11          60          53
 Triangle 'numero' :           15  | triVertices :           45          70          68
 Triangle 'numero' :           16  | triVertices :           93          45          68
 Triangle 'numero' :           17  | triVertices :           45          93          69
 Triangle 'numero' :           18  | triVertices :           95          45          69
 Triangle 'numero' :           19  | triVertices :           51          97          86
 Triangle 'numero' :           20  | triVertices :           57          99          63
 Triangle 'numero' :           21  | triVertices :           35         100          34
 Triangle 'numero' :           22  | triVertices :          104          39          43
 Triangle 'numero' :           23  | triVertices :           16         105          15
 Triangle 'numero' :           24  | triVertices :          107           9          10
 Triangle 'numero' :           25  | triVertices :           53         107          10
 Triangle 'numero' :           26  | triVertices :            9         107          69
 Triangle 'numero' :           27  | triVertices :          109          14          15
 Triangle 'numero' :           28  | triVertices :           14         109          43
 Triangle 'numero' :           29  | triVertices :          110          12           2
 Triangle 'numero' :           30  | triVertices :           13         110           2
 Triangle 'numero' :           31  | triVertices :            5         111           1
 Triangle 'numero' :           32  | triVertices :          111          36           1
 Triangle 'numero' :           33  | triVertices :          105         109          15
 Triangle 'numero' :           34  | triVertices :          109         104          43
 Triangle 'numero' :           35  | triVertices :           76          70          45
 Triangle 'numero' :           36  | triVertices :           95         107          53
 Triangle 'numero' :           37  | triVertices :           95          69         107
 Triangle 'numero' :           38  | triVertices :           76          97          51
 Triangle 'numero' :           39  | triVertices :           86          83          51
 Triangle 'numero' :           40  | triVertices :           80          83          86
 Triangle 'numero' :           41  | triVertices :          104          97          39
 Triangle 'numero' :           42  | triVertices :           86          97         104
 Triangle 'numero' :           43  | triVertices :           98         105          16
 Triangle 'numero' :           44  | triVertices :           98          80         105
 Triangle 'numero' :           45  | triVertices :           12         110          60
 Triangle 'numero' :           46  | triVertices :          110          43          60
 Triangle 'numero' :           47  | triVertices :           43         110          13
 Triangle 'numero' :           48  | triVertices :          111           5          42
 Triangle 'numero' :           49  | triVertices :           61         111          42
 Triangle 'numero' :           50  | triVertices :          111          61          36
 Triangle 'numero' :           51  | triVertices :          100          61          63
 Triangle 'numero' :           52  | triVertices :           61         100          35
 Triangle 'numero' :           53  | triVertices :           49          99          57
 Triangle 'numero' :           54  | triVertices :           93          99          49
 Triangle 'numero' :           55  | triVertices :           68          99          93
 Triangle 'numero' :           56  | triVertices :            8           9          69
 Triangle 'numero' :           57  | triVertices :            8          93          49
 Triangle 'numero' :           58  | triVertices :           69          93           8
 Triangle 'numero' :           59  | triVertices :           39          95          53
 Triangle 'numero' :           60  | triVertices :           39          97          95
 Triangle 'numero' :           61  | triVertices :           76          45          95
 Triangle 'numero' :           62  | triVertices :           76          95          97
 Triangle 'numero' :           63  | triVertices :           86         105          80
 Triangle 'numero' :           64  | triVertices :          104         105          86
 Triangle 'numero' :           65  | triVertices :          105         104         109
 Triangle 'numero' :           66  | triVertices :           98          83          80
