 !!!! -------- Info tris  -------- !!!!

 Il y a           67  triangles pour le proc            2

 Triangle 'numero' :            1  | triVertices :           56          41          50
 Triangle 'numero' :            2  | triVertices :           58          17          18
 Triangle 'numero' :            3  | triVertices :           41          64          50
 Triangle 'numero' :            4  | triVertices :           64          44          50
 Triangle 'numero' :            5  | triVertices :           62          18          19
 Triangle 'numero' :            6  | triVertices :           18          62          58
 Triangle 'numero' :            7  | triVertices :           62          41          58
 Triangle 'numero' :            8  | triVertices :           41          62          64
 Triangle 'numero' :            9  | triVertices :           67          51          66
 Triangle 'numero' :           10  | triVertices :           47          70          67
 Triangle 'numero' :           11  | triVertices :           46          71          65
 Triangle 'numero' :           12  | triVertices :           74          37          65
 Triangle 'numero' :           13  | triVertices :           75          50          44
 Triangle 'numero' :           14  | triVertices :           76          51          67
 Triangle 'numero' :           15  | triVertices :           37          79          66
 Triangle 'numero' :           16  | triVertices :           81          37          56
 Triangle 'numero' :           17  | triVertices :           50          81          56
 Triangle 'numero' :           18  | triVertices :           37          81          65
 Triangle 'numero' :           19  | triVertices :           82          52          71
 Triangle 'numero' :           20  | triVertices :           46          89          71
 Triangle 'numero' :           21  | triVertices :           91          46          65
 Triangle 'numero' :           22  | triVertices :           98          17          58
 Triangle 'numero' :           23  | triVertices :           75          22          23
 Triangle 'numero' :           24  | triVertices :           44          22          75
 Triangle 'numero' :           25  | triVertices :           91          81          50
 Triangle 'numero' :           26  | triVertices :           65          81          91
 Triangle 'numero' :           27  | triVertices :           74          71          52
 Triangle 'numero' :           28  | triVertices :           65          71          74
 Triangle 'numero' :           29  | triVertices :           83          66          51
 Triangle 'numero' :           30  | triVertices :           67          79          47
 Triangle 'numero' :           31  | triVertices :           67          66          79
 Triangle 'numero' :           32  | triVertices :           67          70          76
 Triangle 'numero' :           33  | triVertices :           75          91          50
 Triangle 'numero' :           34  | triVertices :           82          89          55
 Triangle 'numero' :           35  | triVertices :           82          71          89
 Triangle 'numero' :           36  | triVertices :           74          79          37
 Triangle 'numero' :           37  | triVertices :          114          41          56
 Triangle 'numero' :           38  | triVertices :           41         114          58
 Triangle 'numero' :           39  | triVertices :           46          91          96
 Triangle 'numero' :           40  | triVertices :           98          16          17
 Triangle 'numero' :           41  | triVertices :           25          96          24
 Triangle 'numero' :           42  | triVertices :           37         114          56
 Triangle 'numero' :           43  | triVertices :           37          66         114
 Triangle 'numero' :           44  | triVertices :          114          66          83
 Triangle 'numero' :           45  | triVertices :          115          96          25
 Triangle 'numero' :           46  | triVertices :           46         115          89
 Triangle 'numero' :           47  | triVertices :           46          96         115
 Triangle 'numero' :           48  | triVertices :           20         116          19
 Triangle 'numero' :           49  | triVertices :          116          62          19
 Triangle 'numero' :           50  | triVertices :           64          62         116
 Triangle 'numero' :           51  | triVertices :           64         116          44
 Triangle 'numero' :           52  | triVertices :           83          98         114
 Triangle 'numero' :           53  | triVertices :          114          98          58
 Triangle 'numero' :           54  | triVertices :           23         117          75
 Triangle 'numero' :           55  | triVertices :           91         117          96
 Triangle 'numero' :           56  | triVertices :          117          91          75
 Triangle 'numero' :           57  | triVertices :           24         117          23
 Triangle 'numero' :           58  | triVertices :           24          96         117
 Triangle 'numero' :           59  | triVertices :          115          25          26
 Triangle 'numero' :           60  | triVertices :           55         115          26
 Triangle 'numero' :           61  | triVertices :           55          89         115
 Triangle 'numero' :           62  | triVertices :           44          21          22
 Triangle 'numero' :           63  | triVertices :          118          20           3
 Triangle 'numero' :           64  | triVertices :           21         118           3
 Triangle 'numero' :           65  | triVertices :           20         118         116
 Triangle 'numero' :           66  | triVertices :           44         118          21
 Triangle 'numero' :           67  | triVertices :           44         116         118
