 !!!! -------- Info tris  -------- !!!!

 Il y a          145  triangles pour le proc           19

 Triangle 'numero' :            1  | triVertices :         1579         674         772
 Triangle 'numero' :            2  | triVertices :          341         674        1579
 Triangle 'numero' :            3  | triVertices :          425         646        1142
 Triangle 'numero' :            4  | triVertices :          425         605        1099
 Triangle 'numero' :            5  | triVertices :          229         726         230
 Triangle 'numero' :            6  | triVertices :          446         893         636
 Triangle 'numero' :            7  | triVertices :          425         955         605
 Triangle 'numero' :            8  | triVertices :          426         923         640
 Triangle 'numero' :            9  | triVertices :          230         726        1320
 Triangle 'numero' :           10  | triVertices :          228        1193         640
 Triangle 'numero' :           11  | triVertices :          425        1099         646
 Triangle 'numero' :           12  | triVertices :          525         679        1235
 Triangle 'numero' :           13  | triVertices :         1208         609         137
 Triangle 'numero' :           14  | triVertices :          137         609        1008
 Triangle 'numero' :           15  | triVertices :          525         938         679
 Triangle 'numero' :           16  | triVertices :          446         636         912
 Triangle 'numero' :           17  | triVertices :         1241         619         133
 Triangle 'numero' :           18  | triVertices :          228         640         923
 Triangle 'numero' :           19  | triVertices :          394        1235         679
 Triangle 'numero' :           20  | triVertices :          605         999        1099
 Triangle 'numero' :           21  | triVertices :          341        1264         674
 Triangle 'numero' :           22  | triVertices :          446         875         654
 Triangle 'numero' :           23  | triVertices :          426         640        1034
 Triangle 'numero' :           24  | triVertices :          394         679         912
 Triangle 'numero' :           25  | triVertices :          341         686        1264
 Triangle 'numero' :           26  | triVertices :          339        1099         999
 Triangle 'numero' :           27  | triVertices :          607         864        1191
 Triangle 'numero' :           28  | triVertices :          561        1320         726
 Triangle 'numero' :           29  | triVertices :          425        1142        1502
 Triangle 'numero' :           30  | triVertices :          426         726         923
 Triangle 'numero' :           31  | triVertices :          426        1191         864
 Triangle 'numero' :           32  | triVertices :          561         726        1456
 Triangle 'numero' :           33  | triVertices :          446         654        1534
 Triangle 'numero' :           34  | triVertices :          391        1026         686
 Triangle 'numero' :           35  | triVertices :          426        1034        1191
 Triangle 'numero' :           36  | triVertices :          341         875        1228
 Triangle 'numero' :           37  | triVertices :          679        1228         875
 Triangle 'numero' :           38  | triVertices :          391         686         938
 Triangle 'numero' :           39  | triVertices :          636        1277         912
 Triangle 'numero' :           40  | triVertices :          341        1228         686
 Triangle 'numero' :           41  | triVertices :          672        1191        1034
 Triangle 'numero' :           42  | triVertices :          394         912        1277
 Triangle 'numero' :           43  | triVertices :          426         864         726
 Triangle 'numero' :           44  | triVertices :          772        1063        1579
 Triangle 'numero' :           45  | triVertices :          726         864        1456
 Triangle 'numero' :           46  | triVertices :          229         923         726
 Triangle 'numero' :           47  | triVertices :          607        1559         864
 Triangle 'numero' :           48  | triVertices :          654        1063        1195
 Triangle 'numero' :           49  | triVertices :          893        1534        1241
 Triangle 'numero' :           50  | triVertices :          446        1534         893
 Triangle 'numero' :           51  | triVertices :         1579        1063         654
 Triangle 'numero' :           52  | triVertices :          679         875         912
 Triangle 'numero' :           53  | triVertices :          227        1193         228
 Triangle 'numero' :           54  | triVertices :          385        1369        1039
 Triangle 'numero' :           55  | triVertices :          385        1195        1063
 Triangle 'numero' :           56  | triVertices :           10         226         812
 Triangle 'numero' :           57  | triVertices :          679         938        1228
 Triangle 'numero' :           58  | triVertices :          138         139         815
 Triangle 'numero' :           59  | triVertices :          607         999         987
 Triangle 'numero' :           60  | triVertices :          391        1254        1026
 Triangle 'numero' :           61  | triVertices :          672        1186        1547
 Triangle 'numero' :           62  | triVertices :          815        1371        1491
 Triangle 'numero' :           63  | triVertices :          561        1162         972
 Triangle 'numero' :           64  | triVertices :          525        1235        1614
 Triangle 'numero' :           65  | triVertices :          636         893        1512
 Triangle 'numero' :           66  | triVertices :          228         923         229
 Triangle 'numero' :           67  | triVertices :          134         135         893
 Triangle 'numero' :           68  | triVertices :          446         912         875
 Triangle 'numero' :           69  | triVertices :          812        1585        1486
 Triangle 'numero' :           70  | triVertices :          588        1026        1254
 Triangle 'numero' :           71  | triVertices :          588        1486        1585
 Triangle 'numero' :           72  | triVertices :          139        1371         815
 Triangle 'numero' :           73  | triVertices :          654         875        1579
 Triangle 'numero' :           74  | triVertices :           10         812        1486
 Triangle 'numero' :           75  | triVertices :          136         137        1008
 Triangle 'numero' :           76  | triVertices :          391        1218        1034
 Triangle 'numero' :           77  | triVertices :          672        1034        1218
 Triangle 'numero' :           78  | triVertices :          441        1264        1026
 Triangle 'numero' :           79  | triVertices :          339        1547        1186
 Triangle 'numero' :           80  | triVertices :          425        1491         955
 Triangle 'numero' :           81  | triVertices :          686        1026        1264
 Triangle 'numero' :           82  | triVertices :          341        1579         875
 Triangle 'numero' :           83  | triVertices :          385        1039        1247
 Triangle 'numero' :           84  | triVertices :          441        1032        1264
 Triangle 'numero' :           85  | triVertices :          137         138        1208
 Triangle 'numero' :           86  | triVertices :          135        1512         893
 Triangle 'numero' :           87  | triVertices :          674        1264        1032
 Triangle 'numero' :           88  | triVertices :          133         134        1241
 Triangle 'numero' :           89  | triVertices :          525        1614        1186
 Triangle 'numero' :           90  | triVertices :          138         815        1208
 Triangle 'numero' :           91  | triVertices :          609        1502        1142
 Triangle 'numero' :           92  | triVertices :          226        1293         812
 Triangle 'numero' :           93  | triVertices :          425        1502        1491
 Triangle 'numero' :           94  | triVertices :          815        1491        1502
 Triangle 'numero' :           95  | triVertices :          646        1614        1235
 Triangle 'numero' :           96  | triVertices :          619        1241        1534
 Triangle 'numero' :           97  | triVertices :          672        1547        1191
 Triangle 'numero' :           98  | triVertices :          654        1195        1534
 Triangle 'numero' :           99  | triVertices :          686        1228         938
 Triangle 'numero' :          100  | triVertices :          646        1235        1142
 Triangle 'numero' :          101  | triVertices :          394        1142        1235
 Triangle 'numero' :          102  | triVertices :          385        1063        1369
 Triangle 'numero' :          103  | triVertices :          812        1538        1585
 Triangle 'numero' :          104  | triVertices :          134         893        1241
 Triangle 'numero' :          105  | triVertices :          441        1585        1538
 Triangle 'numero' :          106  | triVertices :          864        1559        1456
 Triangle 'numero' :          107  | triVertices :          230        1320         231
 Triangle 'numero' :          108  | triVertices :          525        1218         938
 Triangle 'numero' :          109  | triVertices :          636        1008        1277
 Triangle 'numero' :          110  | triVertices :          391         938        1218
 Triangle 'numero' :          111  | triVertices :          636        1512        1008
 Triangle 'numero' :          112  | triVertices :          139         140        1371
 Triangle 'numero' :          113  | triVertices :          525        1186        1218
 Triangle 'numero' :          114  | triVertices :           10        1486         227
 Triangle 'numero' :          115  | triVertices :          640        1254        1034
 Triangle 'numero' :          116  | triVertices :          231        1320         972
 Triangle 'numero' :          117  | triVertices :          136        1008        1512
 Triangle 'numero' :          118  | triVertices :          588        1254        1193
 Triangle 'numero' :          119  | triVertices :          640        1193        1254
 Triangle 'numero' :          120  | triVertices :          672        1218        1186
 Triangle 'numero' :          121  | triVertices :          391        1034        1254
 Triangle 'numero' :          122  | triVertices :          135         136        1512
 Triangle 'numero' :          123  | triVertices :          561        1456        1162
 Triangle 'numero' :          124  | triVertices :          561         972        1320
 Triangle 'numero' :          125  | triVertices :          609        1277        1008
 Triangle 'numero' :          126  | triVertices :          394        1277        1142
 Triangle 'numero' :          127  | triVertices :          385        1247        1195
 Triangle 'numero' :          128  | triVertices :          607        1547         999
 Triangle 'numero' :          129  | triVertices :          609        1142        1277
 Triangle 'numero' :          130  | triVertices :          619        1195        1247
 Triangle 'numero' :          131  | triVertices :          339         999        1547
 Triangle 'numero' :          132  | triVertices :          441        1538        1032
 Triangle 'numero' :          133  | triVertices :          607         987        1559
 Triangle 'numero' :          134  | triVertices :          441        1026        1585
 Triangle 'numero' :          135  | triVertices :          815        1502        1208
 Triangle 'numero' :          136  | triVertices :          588        1585        1026
 Triangle 'numero' :          137  | triVertices :          227        1486        1193
 Triangle 'numero' :          138  | triVertices :          339        1614        1099
 Triangle 'numero' :          139  | triVertices :          646        1099        1614
 Triangle 'numero' :          140  | triVertices :          812        1293        1538
 Triangle 'numero' :          141  | triVertices :          588        1193        1486
 Triangle 'numero' :          142  | triVertices :          609        1208        1502
 Triangle 'numero' :          143  | triVertices :          619        1534        1195
 Triangle 'numero' :          144  | triVertices :          607        1191        1547
 Triangle 'numero' :          145  | triVertices :          339        1186        1614
