 !!!! -------- Info tris  -------- !!!!

 Il y a          146  triangles pour le proc           16

 Triangle 'numero' :            1  | triVertices :          167        1089         901
 Triangle 'numero' :            2  | triVertices :          166         167         901
 Triangle 'numero' :            3  | triVertices :          432         899         597
 Triangle 'numero' :            4  | triVertices :          432         597         916
 Triangle 'numero' :            5  | triVertices :          418         671         790
 Triangle 'numero' :            6  | triVertices :          418         792         671
 Triangle 'numero' :            7  | triVertices :          346         749        1114
 Triangle 'numero' :            8  | triVertices :          431         630         963
 Triangle 'numero' :            9  | triVertices :          431         887         630
 Triangle 'numero' :           10  | triVertices :          418         720        1250
 Triangle 'numero' :           11  | triVertices :          720        1522        1250
 Triangle 'numero' :           12  | triVertices :          168         716        1089
 Triangle 'numero' :           13  | triVertices :         1520         731        1114
 Triangle 'numero' :           14  | triVertices :          435         731        1520
 Triangle 'numero' :           15  | triVertices :          555         980         899
 Triangle 'numero' :           16  | triVertices :          208        1053         706
 Triangle 'numero' :           17  | triVertices :          360         899         980
 Triangle 'numero' :           18  | triVertices :          501         706        1053
 Triangle 'numero' :           19  | triVertices :          161         162         790
 Triangle 'numero' :           20  | triVertices :          157         158         792
 Triangle 'numero' :           21  | triVertices :          418        1417         720
 Triangle 'numero' :           22  | triVertices :          418        1250         792
 Triangle 'numero' :           23  | triVertices :          162        1325         790
 Triangle 'numero' :           24  | triVertices :          157         792        1328
 Triangle 'numero' :           25  | triVertices :          566         818        1243
 Triangle 'numero' :           26  | triVertices :          568         792        1250
 Triangle 'numero' :           27  | triVertices :          205         786         963
 Triangle 'numero' :           28  | triVertices :          435        1426         731
 Triangle 'numero' :           29  | triVertices :          170         171         779
 Triangle 'numero' :           30  | triVertices :          501        1242         706
 Triangle 'numero' :           31  | triVertices :          167         168        1089
 Triangle 'numero' :           32  | triVertices :          432        1243         818
 Triangle 'numero' :           33  | triVertices :          566         790        1325
 Triangle 'numero' :           34  | triVertices :          568        1328         792
 Triangle 'numero' :           35  | triVertices :          168        1157         716
 Triangle 'numero' :           36  | triVertices :          492         716        1263
 Triangle 'numero' :           37  | triVertices :          492        1089         716
 Triangle 'numero' :           38  | triVertices :          501        1170         841
 Triangle 'numero' :           39  | triVertices :          501        1011        1170
 Triangle 'numero' :           40  | triVertices :          205         963         206
 Triangle 'numero' :           41  | triVertices :          431         963         786
 Triangle 'numero' :           42  | triVertices :          418         790        1417
 Triangle 'numero' :           43  | triVertices :          163         164         818
 Triangle 'numero' :           44  | triVertices :          155         156         820
 Triangle 'numero' :           45  | triVertices :          431         749        1592
 Triangle 'numero' :           46  | triVertices :          377        1359         824
 Triangle 'numero' :           47  | triVertices :          346        1522         916
 Triangle 'numero' :           48  | triVertices :          568         820        1328
 Triangle 'numero' :           49  | triVertices :          566        1325         818
 Triangle 'numero' :           50  | triVertices :          720         916        1522
 Triangle 'numero' :           51  | triVertices :          568        1426         820
 Triangle 'numero' :           52  | triVertices :          171        1132         779
 Triangle 'numero' :           53  | triVertices :          583         824        1359
 Triangle 'numero' :           54  | triVertices :          431        1296         749
 Triangle 'numero' :           55  | triVertices :          566        1417         790
 Triangle 'numero' :           56  | triVertices :          492         901        1089
 Triangle 'numero' :           57  | triVertices :          731        1250        1522
 Triangle 'numero' :           58  | triVertices :          346        1137         749
 Triangle 'numero' :           59  | triVertices :          492         841        1170
 Triangle 'numero' :           60  | triVertices :          377         824        1260
 Triangle 'numero' :           61  | triVertices :          583        1377         824
 Triangle 'numero' :           62  | triVertices :          432         818        1431
 Triangle 'numero' :           63  | triVertices :          169        1183        1157
 Triangle 'numero' :           64  | triVertices :          163         818        1325
 Triangle 'numero' :           65  | triVertices :          156        1328         820
 Triangle 'numero' :           66  | triVertices :          164         984         818
 Triangle 'numero' :           67  | triVertices :          431         786        1296
 Triangle 'numero' :           68  | triVertices :          435         820        1426
 Triangle 'numero' :           69  | triVertices :          492         980         901
 Triangle 'numero' :           70  | triVertices :          555         901         980
 Triangle 'numero' :           71  | triVertices :          346         916        1137
 Triangle 'numero' :           72  | triVertices :          207        1445        1053
 Triangle 'numero' :           73  | triVertices :          164         165         984
 Triangle 'numero' :           74  | triVertices :          749        1137        1592
 Triangle 'numero' :           75  | triVertices :          671        1459         790
 Triangle 'numero' :           76  | triVertices :          671         792        1462
 Triangle 'numero' :           77  | triVertices :          161         790        1459
 Triangle 'numero' :           78  | triVertices :          158        1462         792
 Triangle 'numero' :           79  | triVertices :          172         173        1056
 Triangle 'numero' :           80  | triVertices :          170         779        1183
 Triangle 'numero' :           81  | triVertices :         1053        1445        1507
 Triangle 'numero' :           82  | triVertices :          492        1170         980
 Triangle 'numero' :           83  | triVertices :          597        1137         916
 Triangle 'numero' :           84  | triVertices :          630         887        1011
 Triangle 'numero' :           85  | triVertices :          169         170        1183
 Triangle 'numero' :           86  | triVertices :          360        1011         887
 Triangle 'numero' :           87  | triVertices :          818         984        1431
 Triangle 'numero' :           88  | triVertices :          492        1263         841
 Triangle 'numero' :           89  | triVertices :            4         160        1374
 Triangle 'numero' :           90  | triVertices :            4        1374         159
 Triangle 'numero' :           91  | triVertices :          501         841        1242
 Triangle 'numero' :           92  | triVertices :          168         169        1157
 Triangle 'numero' :           93  | triVertices :          166         901        1363
 Triangle 'numero' :           94  | triVertices :          583        1157        1183
 Triangle 'numero' :           95  | triVertices :          165         166        1363
 Triangle 'numero' :           96  | triVertices :          207        1053         208
 Triangle 'numero' :           97  | triVertices :          720        1243         916
 Triangle 'numero' :           98  | triVertices :          432         916        1243
 Triangle 'numero' :           99  | triVertices :          377        1242         841
 Triangle 'numero' :          100  | triVertices :          377         841        1263
 Triangle 'numero' :          101  | triVertices :          583        1359        1157
 Triangle 'numero' :          102  | triVertices :          716        1157        1359
 Triangle 'numero' :          103  | triVertices :          171         172        1132
 Triangle 'numero' :          104  | triVertices :          360        1170        1011
 Triangle 'numero' :          105  | triVertices :          887        1592        1602
 Triangle 'numero' :          106  | triVertices :          555         899        1431
 Triangle 'numero' :          107  | triVertices :          206         963        1445
 Triangle 'numero' :          108  | triVertices :          431        1592         887
 Triangle 'numero' :          109  | triVertices :          630        1445         963
 Triangle 'numero' :          110  | triVertices :          165        1363         984
 Triangle 'numero' :          111  | triVertices :          346        1114        1522
 Triangle 'numero' :          112  | triVertices :          731        1522        1114
 Triangle 'numero' :          113  | triVertices :          432        1431         899
 Triangle 'numero' :          114  | triVertices :          597        1602        1592
 Triangle 'numero' :          115  | triVertices :          555        1363         901
 Triangle 'numero' :          116  | triVertices :          360        1602         899
 Triangle 'numero' :          117  | triVertices :          597         899        1602
 Triangle 'numero' :          118  | triVertices :          731        1426        1250
 Triangle 'numero' :          119  | triVertices :          568        1250        1426
 Triangle 'numero' :          120  | triVertices :          360         887        1602
 Triangle 'numero' :          121  | triVertices :          360         980        1170
 Triangle 'numero' :          122  | triVertices :          162         163        1325
 Triangle 'numero' :          123  | triVertices :          156         157        1328
 Triangle 'numero' :          124  | triVertices :          720        1417        1243
 Triangle 'numero' :          125  | triVertices :          566        1243        1417
 Triangle 'numero' :          126  | triVertices :          172        1056        1132
 Triangle 'numero' :          127  | triVertices :          555         984        1363
 Triangle 'numero' :          128  | triVertices :          206        1445         207
 Triangle 'numero' :          129  | triVertices :          160         161        1459
 Triangle 'numero' :          130  | triVertices :          158         159        1462
 Triangle 'numero' :          131  | triVertices :          630        1011        1507
 Triangle 'numero' :          132  | triVertices :          501        1507        1011
 Triangle 'numero' :          133  | triVertices :          706        1242        1260
 Triangle 'numero' :          134  | triVertices :          377        1260        1242
 Triangle 'numero' :          135  | triVertices :          555        1431         984
 Triangle 'numero' :          136  | triVertices :          377        1263        1359
 Triangle 'numero' :          137  | triVertices :          716        1359        1263
 Triangle 'numero' :          138  | triVertices :          501        1053        1507
 Triangle 'numero' :          139  | triVertices :          583        1183        1377
 Triangle 'numero' :          140  | triVertices :          779        1377        1183
 Triangle 'numero' :          141  | triVertices :          630        1507        1445
 Triangle 'numero' :          142  | triVertices :          671        1374        1459
 Triangle 'numero' :          143  | triVertices :          671        1462        1374
 Triangle 'numero' :          144  | triVertices :          160        1459        1374
 Triangle 'numero' :          145  | triVertices :          159        1374        1462
 Triangle 'numero' :          146  | triVertices :          597        1592        1137
