 !!!! -------- Info tris  -------- !!!!

 Il y a           68  triangles pour le proc            0

 Triangle 'numero' :            1  | triVertices :           63          42          57
 Triangle 'numero' :            2  | triVertices :           63          61          42
 Triangle 'numero' :            3  | triVertices :           67          51          66
 Triangle 'numero' :            4  | triVertices :           47          70          67
 Triangle 'numero' :            5  | triVertices :           45          70          68
 Triangle 'numero' :            6  | triVertices :           73          38          68
 Triangle 'numero' :            7  | triVertices :           74          37          65
 Triangle 'numero' :            8  | triVertices :           74          52          72
 Triangle 'numero' :            9  | triVertices :           76          51          67
 Triangle 'numero' :           10  | triVertices :           37          79          66
 Triangle 'numero' :           11  | triVertices :           47          79          72
 Triangle 'numero' :           12  | triVertices :           82          52          71
 Triangle 'numero' :           13  | triVertices :           52          84          72
 Triangle 'numero' :           14  | triVertices :           87          47          72
 Triangle 'numero' :           15  | triVertices :           47          87          73
 Triangle 'numero' :           16  | triVertices :           55          90          82
 Triangle 'numero' :           17  | triVertices :           93          45          68
 Triangle 'numero' :           18  | triVertices :           52          94          84
 Triangle 'numero' :           19  | triVertices :           94          52          82
 Triangle 'numero' :           20  | triVertices :           51          97          86
 Triangle 'numero' :           21  | triVertices :           98          17          58
 Triangle 'numero' :           22  | triVertices :           57          99          63
 Triangle 'numero' :           23  | triVertices :           35         100          34
 Triangle 'numero' :           24  | triVertices :          101          33          34
 Triangle 'numero' :           25  | triVertices :           16         105          15
 Triangle 'numero' :           26  | triVertices :           88          99          38
 Triangle 'numero' :           27  | triVertices :           88          63          99
 Triangle 'numero' :           28  | triVertices :           74          71          52
 Triangle 'numero' :           29  | triVertices :           65          71          74
 Triangle 'numero' :           30  | triVertices :           83          66          51
 Triangle 'numero' :           31  | triVertices :           67          79          47
 Triangle 'numero' :           32  | triVertices :           67          66          79
 Triangle 'numero' :           33  | triVertices :           76          70          45
 Triangle 'numero' :           34  | triVertices :           67          70          76
 Triangle 'numero' :           35  | triVertices :           73          70          47
 Triangle 'numero' :           36  | triVertices :           68          70          73
 Triangle 'numero' :           37  | triVertices :           82          89          55
 Triangle 'numero' :           38  | triVertices :           82          71          89
 Triangle 'numero' :           39  | triVertices :           74          79          37
 Triangle 'numero' :           40  | triVertices :           74          72          79
 Triangle 'numero' :           41  | triVertices :           76          97          51
 Triangle 'numero' :           42  | triVertices :           86          83          51
 Triangle 'numero' :           43  | triVertices :           80          83          86
 Triangle 'numero' :           44  | triVertices :           82          90          94
 Triangle 'numero' :           45  | triVertices :           98          16          17
 Triangle 'numero' :           46  | triVertices :           98         105          16
 Triangle 'numero' :           47  | triVertices :           98          80         105
 Triangle 'numero' :           48  | triVertices :          100          61          63
 Triangle 'numero' :           49  | triVertices :           61         100          35
 Triangle 'numero' :           50  | triVertices :           63          88         100
 Triangle 'numero' :           51  | triVertices :           55         103          90
 Triangle 'numero' :           52  | triVertices :           38          99          68
 Triangle 'numero' :           53  | triVertices :           49          99          57
 Triangle 'numero' :           54  | triVertices :           93          99          49
 Triangle 'numero' :           55  | triVertices :           68          99          93
 Triangle 'numero' :           56  | triVertices :          114          66          83
 Triangle 'numero' :           57  | triVertices :           76          45          95
 Triangle 'numero' :           58  | triVertices :           76          95          97
 Triangle 'numero' :           59  | triVertices :           26          27         103
 Triangle 'numero' :           60  | triVertices :           55          26         103
 Triangle 'numero' :           61  | triVertices :          100          88         101
 Triangle 'numero' :           62  | triVertices :          101          34         100
 Triangle 'numero' :           63  | triVertices :           98          83          80
 Triangle 'numero' :           64  | triVertices :           83          98         114
 Triangle 'numero' :           65  | triVertices :          114          98          58
 Triangle 'numero' :           66  | triVertices :          115          25          26
 Triangle 'numero' :           67  | triVertices :           55         115          26
 Triangle 'numero' :           68  | triVertices :           55          89         115
