 !!!! -------- Info tris  -------- !!!!

 Il y a           65  triangles pour le proc            3

 Triangle 'numero' :            1  | triVertices :           33          54          32
 Triangle 'numero' :            2  | triVertices :           59          30          31
 Triangle 'numero' :            3  | triVertices :           73          38          68
 Triangle 'numero' :            4  | triVertices :           74          52          72
 Triangle 'numero' :            5  | triVertices :           78          38          73
 Triangle 'numero' :            6  | triVertices :           78          48          77
 Triangle 'numero' :            7  | triVertices :           47          79          72
 Triangle 'numero' :            8  | triVertices :           52          84          72
 Triangle 'numero' :            9  | triVertices :           85          48          84
 Triangle 'numero' :           10  | triVertices :           87          47          72
 Triangle 'numero' :           11  | triVertices :           47          87          73
 Triangle 'numero' :           12  | triVertices :           55          90          82
 Triangle 'numero' :           13  | triVertices :           52          94          84
 Triangle 'numero' :           14  | triVertices :           94          52          82
 Triangle 'numero' :           15  | triVertices :          101          33          34
 Triangle 'numero' :           16  | triVertices :           54         102          32
 Triangle 'numero' :           17  | triVertices :           40         108          59
 Triangle 'numero' :           18  | triVertices :          108          40          90
 Triangle 'numero' :           19  | triVertices :          112          28           4
 Triangle 'numero' :           20  | triVertices :           29         112           4
 Triangle 'numero' :           21  | triVertices :           28         112          92
 Triangle 'numero' :           22  | triVertices :           48         113          77
 Triangle 'numero' :           23  | triVertices :          113          48          85
 Triangle 'numero' :           24  | triVertices :           88          99          38
 Triangle 'numero' :           25  | triVertices :           88          63          99
 Triangle 'numero' :           26  | triVertices :           73          70          47
 Triangle 'numero' :           27  | triVertices :           68          70          73
 Triangle 'numero' :           28  | triVertices :           74          72          79
 Triangle 'numero' :           29  | triVertices :           87          84          48
 Triangle 'numero' :           30  | triVertices :           72          84          87
 Triangle 'numero' :           31  | triVertices :           78          87          48
 Triangle 'numero' :           32  | triVertices :           78          73          87
 Triangle 'numero' :           33  | triVertices :           78          88          38
 Triangle 'numero' :           34  | triVertices :           78          77          88
 Triangle 'numero' :           35  | triVertices :           94          90          40
 Triangle 'numero' :           36  | triVertices :           82          90          94
 Triangle 'numero' :           37  | triVertices :           85          94          40
 Triangle 'numero' :           38  | triVertices :           85          84          94
 Triangle 'numero' :           39  | triVertices :          106         112          29
 Triangle 'numero' :           40  | triVertices :          106          92         112
 Triangle 'numero' :           41  | triVertices :          106          29          30
 Triangle 'numero' :           42  | triVertices :          106          30          59
 Triangle 'numero' :           43  | triVertices :           31          32         102
 Triangle 'numero' :           44  | triVertices :           59          31         102
 Triangle 'numero' :           45  | triVertices :           63          88         100
 Triangle 'numero' :           46  | triVertices :           55         103          90
 Triangle 'numero' :           47  | triVertices :           90         103         108
 Triangle 'numero' :           48  | triVertices :           28          92          27
 Triangle 'numero' :           49  | triVertices :           27          92         103
 Triangle 'numero' :           50  | triVertices :           38          99          68
 Triangle 'numero' :           51  | triVertices :          102          40          59
 Triangle 'numero' :           52  | triVertices :           40         102          85
 Triangle 'numero' :           53  | triVertices :          113         102          54
 Triangle 'numero' :           54  | triVertices :           85         102         113
 Triangle 'numero' :           55  | triVertices :          101          54          33
 Triangle 'numero' :           56  | triVertices :          101         113          54
 Triangle 'numero' :           57  | triVertices :          101          77         113
 Triangle 'numero' :           58  | triVertices :           26          27         103
 Triangle 'numero' :           59  | triVertices :           55          26         103
 Triangle 'numero' :           60  | triVertices :          101          88          77
 Triangle 'numero' :           61  | triVertices :          100          88         101
 Triangle 'numero' :           62  | triVertices :          101          34         100
 Triangle 'numero' :           63  | triVertices :          108         106          59
 Triangle 'numero' :           64  | triVertices :          106         108          92
 Triangle 'numero' :           65  | triVertices :          103          92         108
