 !!!! -------- Info tris  -------- !!!!

 Il y a          146  triangles pour le proc           15

 Triangle 'numero' :            1  | triVertices :         1580         773         675
 Triangle 'numero' :            2  | triVertices :          342        1580         675
 Triangle 'numero' :            3  | triVertices :          213         639        1194
 Triangle 'numero' :            4  | triVertices :          421         777         689
 Triangle 'numero' :            5  | triVertices :          689         897        1517
 Triangle 'numero' :            6  | triVertices :          421         689        1517
 Triangle 'numero' :            7  | triVertices :          342         675        1265
 Triangle 'numero' :            8  | triVertices :         1121         832        1412
 Triangle 'numero' :            9  | triVertices :          530         832        1121
 Triangle 'numero' :           10  | triVertices :          381        1033         675
 Triangle 'numero' :           11  | triVertices :          358         805        1014
 Triangle 'numero' :           12  | triVertices :          535        1014         805
 Triangle 'numero' :           13  | triVertices :          381         675        1007
 Triangle 'numero' :           14  | triVertices :          220        1041         733
 Triangle 'numero' :           15  | triVertices :          773        1580        1064
 Triangle 'numero' :           16  | triVertices :          408         733        1610
 Triangle 'numero' :           17  | triVertices :          220         733        1192
 Triangle 'numero' :           18  | triVertices :          358        1037         805
 Triangle 'numero' :           19  | triVertices :          216        1294        1050
 Triangle 'numero' :           20  | triVertices :          530         805        1037
 Triangle 'numero' :           21  | triVertices :          312         928         313
 Triangle 'numero' :           22  | triVertices :          689        1041        1524
 Triangle 'numero' :           23  | triVertices :          689        1557        1041
 Triangle 'numero' :           24  | triVertices :          311         746        1140
 Triangle 'numero' :           25  | triVertices :          408        1610         784
 Triangle 'numero' :           26  | triVertices :          312        1140         928
 Triangle 'numero' :           27  | triVertices :          213        1194         214
 Triangle 'numero' :           28  | triVertices :          358        1093         777
 Triangle 'numero' :           29  | triVertices :          408        1450         733
 Triangle 'numero' :           30  | triVertices :          314        1199         771
 Triangle 'numero' :           31  | triVertices :          530        1116         805
 Triangle 'numero' :           32  | triVertices :            8         813         215
 Triangle 'numero' :           33  | triVertices :          423         805        1116
 Triangle 'numero' :           34  | triVertices :          733        1041        1610
 Triangle 'numero' :           35  | triVertices :          777        1093        1557
 Triangle 'numero' :           36  | triVertices :          616        1050        1294
 Triangle 'numero' :           37  | triVertices :          535         771        1199
 Triangle 'numero' :           38  | triVertices :          675         773        1007
 Triangle 'numero' :           39  | triVertices :          217        1480         218
 Triangle 'numero' :           40  | triVertices :          218        1480         897
 Triangle 'numero' :           41  | triVertices :          337        1452        1425
 Triangle 'numero' :           42  | triVertices :          689         777        1557
 Triangle 'numero' :           43  | triVertices :          311        1140         312
 Triangle 'numero' :           44  | triVertices :          507        1014         928
 Triangle 'numero' :           45  | triVertices :          491        1610        1041
 Triangle 'numero' :           46  | triVertices :          535         928        1014
 Triangle 'numero' :           47  | triVertices :          381        1261        1033
 Triangle 'numero' :           48  | triVertices :          507         746        1360
 Triangle 'numero' :           49  | triVertices :          491        1041        1557
 Triangle 'numero' :           50  | triVertices :          516        1007         773
 Triangle 'numero' :           51  | triVertices :          219        1524        1041
 Triangle 'numero' :           52  | triVertices :          507        1140         746
 Triangle 'numero' :           53  | triVertices :          813        1485        1586
 Triangle 'numero' :           54  | triVertices :          589        1255        1027
 Triangle 'numero' :           55  | triVertices :          516         773        1064
 Triangle 'numero' :           56  | triVertices :          530        1037         832
 Triangle 'numero' :           57  | triVertices :          358         777        1037
 Triangle 'numero' :           58  | triVertices :          589        1586        1485
 Triangle 'numero' :           59  | triVertices :          573         925        1116
 Triangle 'numero' :           60  | triVertices :            8        1485         813
 Triangle 'numero' :           61  | triVertices :          423        1116         925
 Triangle 'numero' :           62  | triVertices :          423         771        1382
 Triangle 'numero' :           63  | triVertices :          535        1382         771
 Triangle 'numero' :           64  | triVertices :          215        1294         216
 Triangle 'numero' :           65  | triVertices :          421        1511         777
 Triangle 'numero' :           66  | triVertices :          216        1050         217
 Triangle 'numero' :           67  | triVertices :          440        1027        1265
 Triangle 'numero' :           68  | triVertices :          616        1033        1261
 Triangle 'numero' :           69  | triVertices :          535         805        1382
 Triangle 'numero' :           70  | triVertices :          784        1509        1360
 Triangle 'numero' :           71  | triVertices :          491        1557        1093
 Triangle 'numero' :           72  | triVertices :          440        1265        1033
 Triangle 'numero' :           73  | triVertices :          408         784        1360
 Triangle 'numero' :           74  | triVertices :         1509         507        1360
 Triangle 'numero' :           75  | triVertices :          675        1033        1265
 Triangle 'numero' :           76  | triVertices :          358        1014        1509
 Triangle 'numero' :           77  | triVertices :          628        1450        1428
 Triangle 'numero' :           78  | triVertices :          358        1509        1093
 Triangle 'numero' :           79  | triVertices :          507         928        1140
 Triangle 'numero' :           80  | triVertices :          421        1605         832
 Triangle 'numero' :           81  | triVertices :          621         832        1605
 Triangle 'numero' :           82  | triVertices :          491        1093        1610
 Triangle 'numero' :           83  | triVertices :          381        1203        1028
 Triangle 'numero' :           84  | triVertices :          219        1041         220
 Triangle 'numero' :           85  | triVertices :          337        1121        1412
 Triangle 'numero' :           86  | triVertices :          621        1028        1203
 Triangle 'numero' :           87  | triVertices :          516        1452        1082
 Triangle 'numero' :           88  | triVertices :          215         813        1294
 Triangle 'numero' :           89  | triVertices :          516        1370        1452
 Triangle 'numero' :           90  | triVertices :          784        1610        1093
 Triangle 'numero' :           91  | triVertices :          423        1382         805
 Triangle 'numero' :           92  | triVertices :          516        1082        1203
 Triangle 'numero' :           93  | triVertices :          421         832        1511
 Triangle 'numero' :           94  | triVertices :          516        1203        1007
 Triangle 'numero' :           95  | triVertices :          218         897        1524
 Triangle 'numero' :           96  | triVertices :          621        1412         832
 Triangle 'numero' :           97  | triVertices :          689        1524         897
 Triangle 'numero' :           98  | triVertices :          616        1261        1050
 Triangle 'numero' :           99  | triVertices :          584        1050        1261
 Triangle 'numero' :          100  | triVertices :          313        1199         314
 Triangle 'numero' :          101  | triVertices :          584        1261        1028
 Triangle 'numero' :          102  | triVertices :          813        1586        1537
 Triangle 'numero' :          103  | triVertices :          313         928        1199
 Triangle 'numero' :          104  | triVertices :          217        1050        1480
 Triangle 'numero' :          105  | triVertices :          530        1121        1116
 Triangle 'numero' :          106  | triVertices :          381        1028        1261
 Triangle 'numero' :          107  | triVertices :          440        1537        1586
 Triangle 'numero' :          108  | triVertices :          573        1116        1121
 Triangle 'numero' :          109  | triVertices :          535        1199         928
 Triangle 'numero' :          110  | triVertices :          584        1028        1517
 Triangle 'numero' :          111  | triVertices :         1028        1605        1517
 Triangle 'numero' :          112  | triVertices :          832        1037        1511
 Triangle 'numero' :          113  | triVertices :          584         897        1480
 Triangle 'numero' :          114  | triVertices :            8         214        1485
 Triangle 'numero' :          115  | triVertices :          584        1517         897
 Triangle 'numero' :          116  | triVertices :          589        1194        1255
 Triangle 'numero' :          117  | triVertices :          639        1255        1194
 Triangle 'numero' :          118  | triVertices :          621        1203        1082
 Triangle 'numero' :          119  | triVertices :          381        1007        1203
 Triangle 'numero' :          120  | triVertices :          621        1082        1412
 Triangle 'numero' :          121  | triVertices :          218        1524         219
 Triangle 'numero' :          122  | triVertices :          337        1412        1082
 Triangle 'numero' :          123  | triVertices :          408        1428        1450
 Triangle 'numero' :          124  | triVertices :          616        1537        1033
 Triangle 'numero' :          125  | triVertices :          440        1033        1537
 Triangle 'numero' :          126  | triVertices :          516        1064        1370
 Triangle 'numero' :          127  | triVertices :          507        1509        1014
 Triangle 'numero' :          128  | triVertices :          584        1480        1050
 Triangle 'numero' :          129  | triVertices :          777        1511        1037
 Triangle 'numero' :          130  | triVertices :          408        1360        1546
 Triangle 'numero' :          131  | triVertices :          573        1121        1425
 Triangle 'numero' :          132  | triVertices :          421        1517        1605
 Triangle 'numero' :          133  | triVertices :          440        1586        1027
 Triangle 'numero' :          134  | triVertices :          589        1027        1586
 Triangle 'numero' :          135  | triVertices :          337        1082        1452
 Triangle 'numero' :          136  | triVertices :          337        1425        1121
 Triangle 'numero' :          137  | triVertices :          746        1546        1360
 Triangle 'numero' :          138  | triVertices :          733        1450        1192
 Triangle 'numero' :          139  | triVertices :          214        1194        1485
 Triangle 'numero' :          140  | triVertices :          621        1605        1028
 Triangle 'numero' :          141  | triVertices :          628        1192        1450
 Triangle 'numero' :          142  | triVertices :          784        1093        1509
 Triangle 'numero' :          143  | triVertices :          813        1537        1294
 Triangle 'numero' :          144  | triVertices :          589        1485        1194
 Triangle 'numero' :          145  | triVertices :          616        1294        1537
 Triangle 'numero' :          146  | triVertices :          408        1546        1428
