 !!!! -------- Info tris  -------- !!!!

 Il y a          145  triangles pour le proc           14

 Triangle 'numero' :            1  | triVertices :          424        1141         645
 Triangle 'numero' :            2  | triVertices :          424        1100         604
 Triangle 'numero' :            3  | triVertices :          211         727         212
 Triangle 'numero' :            4  | triVertices :          447         635         892
 Triangle 'numero' :            5  | triVertices :          424         604         954
 Triangle 'numero' :            6  | triVertices :          427         639         922
 Triangle 'numero' :            7  | triVertices :          211        1319         727
 Triangle 'numero' :            8  | triVertices :          424         645        1100
 Triangle 'numero' :            9  | triVertices :          526        1234         678
 Triangle 'numero' :           10  | triVertices :         1207          45         608
 Triangle 'numero' :           11  | triVertices :           45        1009         608
 Triangle 'numero' :           12  | triVertices :          526         678         939
 Triangle 'numero' :           13  | triVertices :          447         913         635
 Triangle 'numero' :           14  | triVertices :          213         922         639
 Triangle 'numero' :           15  | triVertices :          393         678        1234
 Triangle 'numero' :           16  | triVertices :          604        1100         998
 Triangle 'numero' :           17  | triVertices :          447         655         876
 Triangle 'numero' :           18  | triVertices :          427        1035         639
 Triangle 'numero' :           19  | triVertices :          393         913         678
 Triangle 'numero' :           20  | triVertices :          342        1265         687
 Triangle 'numero' :           21  | triVertices :          340         998        1100
 Triangle 'numero' :           22  | triVertices :          606        1190         863
 Triangle 'numero' :           23  | triVertices :          574         954        1087
 Triangle 'numero' :           24  | triVertices :          560         727        1319
 Triangle 'numero' :           25  | triVertices :          424        1503        1141
 Triangle 'numero' :           26  | triVertices :          427         922         727
 Triangle 'numero' :           27  | triVertices :          427         863        1190
 Triangle 'numero' :           28  | triVertices :          560        1455         727
 Triangle 'numero' :           29  | triVertices :          447        1533         655
 Triangle 'numero' :           30  | triVertices :          392         687        1027
 Triangle 'numero' :           31  | triVertices :          373        1087         954
 Triangle 'numero' :           32  | triVertices :          427        1190        1035
 Triangle 'numero' :           33  | triVertices :          342        1229         876
 Triangle 'numero' :           34  | triVertices :          678         876        1229
 Triangle 'numero' :           35  | triVertices :          392         939         687
 Triangle 'numero' :           36  | triVertices :          635         913        1278
 Triangle 'numero' :           37  | triVertices :          342         687        1229
 Triangle 'numero' :           38  | triVertices :          673        1035        1190
 Triangle 'numero' :           39  | triVertices :          393        1278         913
 Triangle 'numero' :           40  | triVertices :          427         727         863
 Triangle 'numero' :           41  | triVertices :          727        1455         863
 Triangle 'numero' :           42  | triVertices :          212         727         922
 Triangle 'numero' :           43  | triVertices :          606         863        1558
 Triangle 'numero' :           44  | triVertices :          371        1163         755
 Triangle 'numero' :           45  | triVertices :          655        1196        1064
 Triangle 'numero' :           46  | triVertices :          447         892        1533
 Triangle 'numero' :           47  | triVertices :         1580         655        1064
 Triangle 'numero' :           48  | triVertices :          678         913         876
 Triangle 'numero' :           49  | triVertices :          442        1163         971
 Triangle 'numero' :           50  | triVertices :          442         971         806
 Triangle 'numero' :           51  | triVertices :          678        1229         939
 Triangle 'numero' :           52  | triVertices :           43          44         814
 Triangle 'numero' :           53  | triVertices :          209         961         806
 Triangle 'numero' :           54  | triVertices :          626         986        1408
 Triangle 'numero' :           55  | triVertices :           41          42         859
 Triangle 'numero' :           56  | triVertices :          604         998        1568
 Triangle 'numero' :           57  | triVertices :          371        1455        1163
 Triangle 'numero' :           58  | triVertices :          606         986         998
 Triangle 'numero' :           59  | triVertices :          392        1027        1255
 Triangle 'numero' :           60  | triVertices :          462         998         986
 Triangle 'numero' :           61  | triVertices :          673        1548        1187
 Triangle 'numero' :           62  | triVertices :          574        1087         859
 Triangle 'numero' :           63  | triVertices :          814        1492        1372
 Triangle 'numero' :           64  | triVertices :          560         971        1163
 Triangle 'numero' :           65  | triVertices :          526        1613        1234
 Triangle 'numero' :           66  | triVertices :          635        1513         892
 Triangle 'numero' :           67  | triVertices :          212         922         213
 Triangle 'numero' :           68  | triVertices :           42        1372         859
 Triangle 'numero' :           69  | triVertices :          574        1372        1492
 Triangle 'numero' :           70  | triVertices :           47          48         892
 Triangle 'numero' :           71  | triVertices :          447         876         913
 Triangle 'numero' :           72  | triVertices :          626        1581         986
 Triangle 'numero' :           73  | triVertices :          574         859        1372
 Triangle 'numero' :           74  | triVertices :          442         755        1163
 Triangle 'numero' :           75  | triVertices :          462        1581        1021
 Triangle 'numero' :           76  | triVertices :          371         755        1408
 Triangle 'numero' :           77  | triVertices :           43         814        1372
 Triangle 'numero' :           78  | triVertices :          655        1580         876
 Triangle 'numero' :           79  | triVertices :           45          46        1009
 Triangle 'numero' :           80  | triVertices :          392        1035        1219
 Triangle 'numero' :           81  | triVertices :          673        1219        1035
 Triangle 'numero' :           82  | triVertices :          209         806        1611
 Triangle 'numero' :           83  | triVertices :          371        1408         986
 Triangle 'numero' :           84  | triVertices :          340        1187        1548
 Triangle 'numero' :           85  | triVertices :          424         954        1492
 Triangle 'numero' :           86  | triVertices :          687        1265        1027
 Triangle 'numero' :           87  | triVertices :            7         961         209
 Triangle 'numero' :           88  | triVertices :          342         876        1580
 Triangle 'numero' :           89  | triVertices :           44          45        1207
 Triangle 'numero' :           90  | triVertices :           47         892        1513
 Triangle 'numero' :           91  | triVertices :          526        1187        1613
 Triangle 'numero' :           92  | triVertices :           44        1207         814
 Triangle 'numero' :           93  | triVertices :          608        1141        1503
 Triangle 'numero' :           94  | triVertices :          424        1492        1503
 Triangle 'numero' :           95  | triVertices :          814        1503        1492
 Triangle 'numero' :           96  | triVertices :          645        1234        1613
 Triangle 'numero' :           97  | triVertices :          673        1190        1548
 Triangle 'numero' :           98  | triVertices :          655        1533        1196
 Triangle 'numero' :           99  | triVertices :          687         939        1229
 Triangle 'numero' :          100  | triVertices :          645        1141        1234
 Triangle 'numero' :          101  | triVertices :          393        1234        1141
 Triangle 'numero' :          102  | triVertices :          462         986        1581
 Triangle 'numero' :          103  | triVertices :          863        1455        1558
 Triangle 'numero' :          104  | triVertices :          210        1319         211
 Triangle 'numero' :          105  | triVertices :          371        1558        1455
 Triangle 'numero' :          106  | triVertices :          526         939        1219
 Triangle 'numero' :          107  | triVertices :          635        1278        1009
 Triangle 'numero' :          108  | triVertices :          392        1219         939
 Triangle 'numero' :          109  | triVertices :          462        1568         998
 Triangle 'numero' :          110  | triVertices :          635        1009        1513
 Triangle 'numero' :          111  | triVertices :           42          43        1372
 Triangle 'numero' :          112  | triVertices :          526        1219        1187
 Triangle 'numero' :          113  | triVertices :          574        1492         954
 Triangle 'numero' :          114  | triVertices :          639        1035        1255
 Triangle 'numero' :          115  | triVertices :          210         971        1319
 Triangle 'numero' :          116  | triVertices :           46        1513        1009
 Triangle 'numero' :          117  | triVertices :          673        1187        1219
 Triangle 'numero' :          118  | triVertices :          392        1255        1035
 Triangle 'numero' :          119  | triVertices :           46          47        1513
 Triangle 'numero' :          120  | triVertices :          209        1611         210
 Triangle 'numero' :          121  | triVertices :          560        1163        1455
 Triangle 'numero' :          122  | triVertices :          560        1319         971
 Triangle 'numero' :          123  | triVertices :          608        1009        1278
 Triangle 'numero' :          124  | triVertices :          604        1608         954
 Triangle 'numero' :          125  | triVertices :          393        1141        1278
 Triangle 'numero' :          126  | triVertices :          373         954        1608
 Triangle 'numero' :          127  | triVertices :          606         998        1548
 Triangle 'numero' :          128  | triVertices :          608        1278        1141
 Triangle 'numero' :          129  | triVertices :          340        1548         998
 Triangle 'numero' :          130  | triVertices :          371         986        1558
 Triangle 'numero' :          131  | triVertices :          606        1558         986
 Triangle 'numero' :          132  | triVertices :          210        1611         971
 Triangle 'numero' :          133  | triVertices :          806         971        1611
 Triangle 'numero' :          134  | triVertices :          462        1021        1568
 Triangle 'numero' :          135  | triVertices :          814        1207        1503
 Triangle 'numero' :          136  | triVertices :          373        1608        1021
 Triangle 'numero' :          137  | triVertices :          626        1408        1596
 Triangle 'numero' :          138  | triVertices :          340        1100        1613
 Triangle 'numero' :          139  | triVertices :          645        1613        1100
 Triangle 'numero' :          140  | triVertices :          608        1503        1207
 Triangle 'numero' :          141  | triVertices :          606        1548        1190
 Triangle 'numero' :          142  | triVertices :          340        1613        1187
 Triangle 'numero' :          143  | triVertices :          755        1596        1408
 Triangle 'numero' :          144  | triVertices :         1021        1608        1568
 Triangle 'numero' :          145  | triVertices :          604        1568        1608
